# JRE version: OpenJDK Runtime Environment (8.0_131-b11) (build 1.8.0_131-8u131-b11-2ubuntu1.16.04.3-b11)
# Java VM: OpenJDK 64-Bit Server VM (25.131-b11 mixed mode linux-amd64 compressed oops)
Heap:
 PSYoungGen      total 135680K, used 12283K [0x00000000eb800000, 0x00000000f4a00000, 0x0000000100000000)
  eden space 123392K, 0% used [0x00000000eb800000,0x00000000eb800000,0x00000000f3080000)
  from space 12288K, 99% used [0x00000000f3080000,0x00000000f3c7ee50,0x00000000f3c80000)
  to   space 10752K, 0% used [0x00000000f3c80000,0x00000000f3c80000,0x00000000f4700000)
 ParOldGen       total 42496K, used 15636K [0x00000000c2800000, 0x00000000c5180000, 0x00000000eb800000)
  object space 42496K, 36% used [0x00000000c2800000,0x00000000c3745000,0x00000000c5180000)
 Metaspace       used 20560K, capacity 21154K, committed 21248K, reserved 1069056K
  class space    used 2380K, capacity 2547K, committed 2560K, reserved 1048576K
GC Heap History (10 events):
Event: 4.196 GC heap after
Heap after GC invocations=4 (full 0):
 PSYoungGen      total 34304K, used 2546K [0x00000000eb800000, 0x00000000edc00000, 0x0000000100000000)
  eden space 31744K, 0% used [0x00000000eb800000,0x00000000eb800000,0x00000000ed700000)
  from space 2560K, 99% used [0x00000000ed980000,0x00000000edbfc918,0x00000000edc00000)
  to   space 2560K, 0% used [0x00000000ed700000,0x00000000ed700000,0x00000000ed980000)
 ParOldGen       total 42496K, used 3816K [0x00000000c2800000, 0x00000000c5180000, 0x00000000eb800000)
  object space 42496K, 8% used [0x00000000c2800000,0x00000000c2bba190,0x00000000c5180000)
 Metaspace       used 10987K, capacity 11170K, committed 11264K, reserved 1058816K
  class space    used 1347K, capacity 1443K, committed 1536K, reserved 1048576K
}
Event: 4.972 GC heap before
{Heap before GC invocations=5 (full 0):
 PSYoungGen      total 34304K, used 34290K [0x00000000eb800000, 0x00000000edc00000, 0x0000000100000000)
  eden space 31744K, 100% used [0x00000000eb800000,0x00000000ed700000,0x00000000ed700000)
  from space 2560K, 99% used [0x00000000ed980000,0x00000000edbfc918,0x00000000edc00000)
  to   space 2560K, 0% used [0x00000000ed700000,0x00000000ed700000,0x00000000ed980000)
 ParOldGen       total 42496K, used 3816K [0x00000000c2800000, 0x00000000c5180000, 0x00000000eb800000)
  object space 42496K, 8% used [0x00000000c2800000,0x00000000c2bba190,0x00000000c5180000)
 Metaspace       used 13545K, capacity 13722K, committed 14080K, reserved 1060864K
  class space    used 1660K, capacity 1735K, committed 1792K, reserved 1048576K
Event: 4.995 GC heap after
Heap after GC invocations=5 (full 0):
 PSYoungGen      total 34304K, used 2544K [0x00000000eb800000, 0x00000000f0200000, 0x0000000100000000)
  eden space 31744K, 0% used [0x00000000eb800000,0x00000000eb800000,0x00000000ed700000)
  from space 2560K, 99% used [0x00000000ed700000,0x00000000ed97c010,0x00000000ed980000)
  to   space 6144K, 0% used [0x00000000efc00000,0x00000000efc00000,0x00000000f0200000)
 ParOldGen       total 42496K, used 6399K [0x00000000c2800000, 0x00000000c5180000, 0x00000000eb800000)
  object space 42496K, 15% used [0x00000000c2800000,0x00000000c2e3ffa0,0x00000000c5180000)
 Metaspace       used 13545K, capacity 13722K, committed 14080K, reserved 1060864K
  class space    used 1660K, capacity 1735K, committed 1792K, reserved 1048576K
}
Event: 6.147 GC heap before
{Heap before GC invocations=6 (full 0):
 PSYoungGen      total 34304K, used 34288K [0x00000000eb800000, 0x00000000f0200000, 0x0000000100000000)
  eden space 31744K, 100% used [0x00000000eb800000,0x00000000ed700000,0x00000000ed700000)
  from space 2560K, 99% used [0x00000000ed700000,0x00000000ed97c010,0x00000000ed980000)
  to   space 6144K, 0% used [0x00000000efc00000,0x00000000efc00000,0x00000000f0200000)
 ParOldGen       total 42496K, used 6399K [0x00000000c2800000, 0x00000000c5180000, 0x00000000eb800000)
  object space 42496K, 15% used [0x00000000c2800000,0x00000000c2e3ffa0,0x00000000c5180000)
 Metaspace       used 15745K, capacity 16022K, committed 16384K, reserved 1062912K
  class space    used 1873K, capacity 1975K, committed 2048K, reserved 1048576K
Event: 6.178 GC heap after
Heap after GC invocations=6 (full 0):
 PSYoungGen      total 68608K, used 6129K [0x00000000eb800000, 0x00000000f0400000, 0x0000000100000000)
  eden space 62464K, 0% used [0x00000000eb800000,0x00000000eb800000,0x00000000ef500000)
  from space 6144K, 99% used [0x00000000efc00000,0x00000000f01fc490,0x00000000f0200000)
  to   space 7168K, 0% used [0x00000000ef500000,0x00000000ef500000,0x00000000efc00000)
 ParOldGen       total 42496K, used 7219K [0x00000000c2800000, 0x00000000c5180000, 0x00000000eb800000)
  object space 42496K, 16% used [0x00000000c2800000,0x00000000c2f0cfe8,0x00000000c5180000)
 Metaspace       used 15745K, capacity 16022K, committed 16384K, reserved 1062912K
  class space    used 1873K, capacity 1975K, committed 2048K, reserved 1048576K
}
Event: 10.771 GC heap before
{Heap before GC invocations=7 (full 0):
 PSYoungGen      total 68608K, used 68593K [0x00000000eb800000, 0x00000000f0400000, 0x0000000100000000)
  eden space 62464K, 100% used [0x00000000eb800000,0x00000000ef500000,0x00000000ef500000)
  from space 6144K, 99% used [0x00000000efc00000,0x00000000f01fc490,0x00000000f0200000)
  to   space 7168K, 0% used [0x00000000ef500000,0x00000000ef500000,0x00000000efc00000)
 ParOldGen       total 42496K, used 7219K [0x00000000c2800000, 0x00000000c5180000, 0x00000000eb800000)
  object space 42496K, 16% used [0x00000000c2800000,0x00000000c2f0cfe8,0x00000000c5180000)
 Metaspace       used 16445K, capacity 16702K, committed 16896K, reserved 1064960K
  class space    used 1913K, capacity 2010K, committed 2048K, reserved 1048576K
Event: 10.795 GC heap after
Heap after GC invocations=7 (full 0):
 PSYoungGen      total 69632K, used 7136K [0x00000000eb800000, 0x00000000f4700000, 0x0000000100000000)
  eden space 62464K, 0% used [0x00000000eb800000,0x00000000eb800000,0x00000000ef500000)
  from space 7168K, 99% used [0x00000000ef500000,0x00000000efbf8020,0x00000000efc00000)
  to   space 10752K, 0% used [0x00000000f3c80000,0x00000000f3c80000,0x00000000f4700000)
 ParOldGen       total 42496K, used 11775K [0x00000000c2800000, 0x00000000c5180000, 0x00000000eb800000)
  object space 42496K, 27% used [0x00000000c2800000,0x00000000c337fcc8,0x00000000c5180000)
 Metaspace       used 16445K, capacity 16702K, committed 16896K, reserved 1064960K
  class space    used 1913K, capacity 2010K, committed 2048K, reserved 1048576K
}
Event: 16.569 GC heap before
{Heap before GC invocations=8 (full 0):
 PSYoungGen      total 69632K, used 69600K [0x00000000eb800000, 0x00000000f4700000, 0x0000000100000000)
  eden space 62464K, 100% used [0x00000000eb800000,0x00000000ef500000,0x00000000ef500000)
  from space 7168K, 99% used [0x00000000ef500000,0x00000000efbf8020,0x00000000efc00000)
  to   space 10752K, 0% used [0x00000000f3c80000,0x00000000f3c80000,0x00000000f4700000)
 ParOldGen       total 42496K, used 11775K [0x00000000c2800000, 0x00000000c5180000, 0x00000000eb800000)
  object space 42496K, 27% used [0x00000000c2800000,0x00000000c337fcc8,0x00000000c5180000)
 Metaspace       used 17681K, capacity 18038K, committed 18304K, reserved 1064960K
  class space    used 2024K, capacity 2152K, committed 2176K, reserved 1048576K
Event: 16.600 GC heap after
Heap after GC invocations=8 (full 0):
 PSYoungGen      total 134144K, used 10099K [0x00000000eb800000, 0x00000000f4a00000, 0x0000000100000000)
  eden space 123392K, 0% used [0x00000000eb800000,0x00000000eb800000,0x00000000f3080000)
  from space 10752K, 93% used [0x00000000f3c80000,0x00000000f465cfe0,0x00000000f4700000)
  to   space 12288K, 0% used [0x00000000f3080000,0x00000000f3080000,0x00000000f3c80000)
 ParOldGen       total 42496K, used 12681K [0x00000000c2800000, 0x00000000c5180000, 0x00000000eb800000)
  object space 42496K, 29% used [0x00000000c2800000,0x00000000c34624d8,0x00000000c5180000)
 Metaspace       used 17681K, capacity 18038K, committed 18304K, reserved 1064960K
  class space    used 2024K, capacity 2152K, committed 2176K, reserved 1048576K
}
Event: 25.880 GC heap before
{Heap before GC invocations=9 (full 0):
 PSYoungGen      total 134144K, used 89838K [0x00000000eb800000, 0x00000000f4a00000, 0x0000000100000000)
  eden space 123392K, 64% used [0x00000000eb800000,0x00000000f05deb08,0x00000000f3080000)
  from space 10752K, 93% used [0x00000000f3c80000,0x00000000f465cfe0,0x00000000f4700000)
  to   space 12288K, 0% used [0x00000000f3080000,0x00000000f3080000,0x00000000f3c80000)
 ParOldGen       total 42496K, used 12681K [0x00000000c2800000, 0x00000000c5180000, 0x00000000eb800000)
  object space 42496K, 29% used [0x00000000c2800000,0x00000000c34624d8,0x00000000c5180000)
 Metaspace       used 20560K, capacity 21154K, committed 21248K, reserved 1069056K
  class space    used 2380K, capacity 2547K, committed 2560K, reserved 1048576K

